<?xml version="1.0" encoding="UTF-8"?>
<!-- Generated by org.testng.reporters.JUnitReportReporter -->
<testsuite hostname="HDC4-LX-C60K2B3" failures="0" tests="1" name="com.dynamicWebtable_17.DynamicTableCustomXpathDemo_2" time="1.086" errors="0" timestamp="2024-04-30T12:50:57 IST" skipped="0">
  <testcase classname="com.dynamicWebtable_17.DynamicTableCustomXpathDemo_2" name="dynamicTableMethod" time="1.086"/>
</testsuite> <!-- com.dynamicWebtable_17.DynamicTableCustomXpathDemo_2 -->
