<?xml version="1.0" encoding="UTF-8"?>
<!-- Generated by org.testng.reporters.JUnitReportReporter -->
<testsuite hostname="HDC4-LX-C60K2B3" failures="0" tests="2" name="com.ScreenShot_12.ScreenShotDemo_1" time="23.354" errors="0" timestamp="2024-04-23T13:13:32 IST" skipped="0">
  <testcase classname="com.ScreenShot_12.ScreenShotDemo_1" name="loginMethod" time="17.886"/>
  <testcase classname="com.ScreenShot_12.ScreenShotDemo_1" name="logoutMethod" time="5.468"/>
</testsuite> <!-- com.ScreenShot_12.ScreenShotDemo_1 -->
