<?xml version="1.0" encoding="UTF-8"?>
<!-- Generated by org.testng.reporters.JUnitReportReporter -->
<testsuite hostname="HDC4-LX-C60K2B3" failures="0" tests="1" name="com.dynamicWebtable_17.DynamicWebtableDemo_1" time="6.893" errors="0" timestamp="2024-04-30T12:30:52 IST" skipped="0">
  <testcase classname="com.dynamicWebtable_17.DynamicWebtableDemo_1" name="dynamicTableMethod" time="6.893"/>
</testsuite> <!-- com.dynamicWebtable_17.DynamicWebtableDemo_1 -->
