<?xml version="1.0" encoding="UTF-8"?>
<!-- Generated by org.testng.reporters.JUnitReportReporter -->
<testsuite hostname="HDC4-LX-C60K2B3" failures="0" tests="1" name="com.webDriverManager_18.WebDriverManagerDemo_1" time="34.537" errors="0" timestamp="2024-04-30T17:09:05 IST" skipped="0">
  <testcase classname="com.webDriverManager_18.WebDriverManagerDemo_1" name="openBrowser" time="34.537"/>
</testsuite> <!-- com.webDriverManager_18.WebDriverManagerDemo_1 -->
