<?xml version="1.0" encoding="UTF-8"?>
<!-- Generated by org.testng.reporters.JUnitReportReporter -->
<testsuite hostname="HDC4-LX-C60K2B3" failures="0" tests="1" name="com.RobotClass_11.FileUploadDemo_1" time="21.277" errors="0" timestamp="2024-04-23T12:10:43 IST" skipped="0">
  <testcase classname="com.RobotClass_11.FileUploadDemo_1" name="fileUpload" time="21.277"/>
</testsuite> <!-- com.RobotClass_11.FileUploadDemo_1 -->
