<?xml version="1.0" encoding="UTF-8"?>
<!-- Generated by org.testng.reporters.JUnitReportReporter -->
<testsuite hostname="HDC4-LX-C60K2B3" failures="0" tests="1" name="com.RegistrationForma_14.StudentRegistrationForm_1" time="3.842" errors="0" timestamp="2024-04-25T17:26:55 IST" skipped="0">
  <testcase classname="com.RegistrationForma_14.StudentRegistrationForm_1" name="registerForm" time="3.842"/>
</testsuite> <!-- com.RegistrationForma_14.StudentRegistrationForm_1 -->
