<?xml version="1.0" encoding="UTF-8"?>
<!-- Generated by org.testng.reporters.JUnitReportReporter -->
<testsuite hostname="HDC4-LX-C60K2B3" failures="0" tests="1" name="com.dynamicSearch_18.GoogleDynamicSerch" time="0.589" errors="0" timestamp="2024-04-30T15:17:51 IST" skipped="0">
  <testcase classname="com.dynamicSearch_18.GoogleDynamicSerch" name="googleSearch" time="0.589"/>
</testsuite> <!-- com.dynamicSearch_18.GoogleDynamicSerch -->
