<?xml version="1.0" encoding="UTF-8"?>
<!-- Generated by org.testng.reporters.JUnitReportReporter -->
<testsuite hostname="HDC4-LX-C60K2B3" failures="0" tests="1" name="com.pagenation_15.PagenationDemo_2" time="7.955" errors="0" timestamp="2024-04-26T13:04:40 IST" skipped="0">
  <testcase classname="com.pagenation_15.PagenationDemo_2" name="pagenationMethod" time="7.955"/>
</testsuite> <!-- com.pagenation_15.PagenationDemo_2 -->
