<?xml version="1.0" encoding="UTF-8"?>
<!-- Generated by org.testng.reporters.JUnitReportReporter -->
<testsuite hostname="HDC4-LX-C60K2B3" failures="0" tests="1" name="com.pagenation_15.PagenationDemo_1" time="9.211" errors="0" timestamp="2024-04-26T12:15:45 IST" skipped="0">
  <testcase classname="com.pagenation_15.PagenationDemo_1" name="pagenationMethod" time="9.211"/>
</testsuite> <!-- com.pagenation_15.PagenationDemo_1 -->
